[seed=0] max_angle_deg=60.0,num_angles=60, undersampling=0.663
[D-Flow] iter 200/600: loss=4.019e+04, PSNR=19.54
[D-Flow] iter 400/600: loss=4.019e+04, PSNR=19.54
[D-Flow] iter 600/600: loss=4.007e+04, PSNR=19.57
[seed=0] D-Flow Peak GPU memory: 2.18 GB
[seed=0] PSNR=19.57dB  SSIM=0.4002
[seed=1] max_angle_deg=60.0,num_angles=60, undersampling=0.663
[D-Flow] iter 200/600: loss=1.230e+04, PSNR=32.57
[D-Flow] iter 400/600: loss=1.193e+04, PSNR=33.45
[D-Flow] iter 600/600: loss=1.171e+04, PSNR=32.96
[seed=1] D-Flow Peak GPU memory: 2.19 GB
[seed=1] PSNR=32.96dB  SSIM=0.8911
[seed=42] max_angle_deg=60.0,num_angles=60, undersampling=0.663
[D-Flow] iter 200/600: loss=1.233e+04, PSNR=31.96
[D-Flow] iter 400/600: loss=1.168e+04, PSNR=33.03
[D-Flow] iter 600/600: loss=1.135e+04, PSNR=33.09
[seed=42] D-Flow Peak GPU memory: 2.19 GB
[seed=42] PSNR=33.09dB  SSIM=0.8695
[seed=123] max_angle_deg=60.0,num_angles=60, undersampling=0.663
[D-Flow] iter 200/600: loss=1.217e+04, PSNR=33.15
[D-Flow] iter 400/600: loss=1.196e+04, PSNR=33.34
[D-Flow] iter 600/600: loss=1.191e+04, PSNR=33.54
[seed=123] D-Flow Peak GPU memory: 2.18 GB
[seed=123] PSNR=33.54dB  SSIM=0.8965
[seed=3407] max_angle_deg=60.0,num_angles=60, undersampling=0.663
[D-Flow] iter 200/600: loss=1.181e+04, PSNR=32.73
[D-Flow] iter 400/600: loss=1.135e+04, PSNR=30.77
[D-Flow] iter 600/600: loss=8.614e+03, PSNR=26.67
[seed=3407] D-Flow Peak GPU memory: 2.19 GB
[seed=3407] PSNR=26.67dB  SSIM=0.5607
=== dflow + random ===
PSNR mean=29.17  std=5.43
SSIM mean=0.7236  std=0.2051
Summary saved to limited60new/dflow_random/summary_dflow_random.csv
