[seed=0] max_angle_deg=90.0,num_angles=90, undersampling=0.994
[D-Flow] iter 200/600: loss=3.490e+04, PSNR=25.53
[D-Flow] iter 400/600: loss=3.434e+04, PSNR=25.57
[D-Flow] iter 600/600: loss=3.433e+04, PSNR=25.57
[seed=0] D-Flow Peak GPU memory: 2.22 GB
[seed=0] PSNR=25.57dB  SSIM=0.7362
[seed=1] max_angle_deg=90.0,num_angles=90, undersampling=0.994
[D-Flow] iter 200/600: loss=1.838e+04, PSNR=33.53
[D-Flow] iter 400/600: loss=1.797e+04, PSNR=34.42
[D-Flow] iter 600/600: loss=1.772e+04, PSNR=34.34
[seed=1] D-Flow Peak GPU memory: 2.22 GB
[seed=1] PSNR=34.34dB  SSIM=0.9035
[seed=42] max_angle_deg=90.0,num_angles=90, undersampling=0.994
[D-Flow] iter 200/600: loss=1.812e+04, PSNR=33.25
[D-Flow] iter 400/600: loss=1.731e+04, PSNR=33.62
[D-Flow] iter 600/600: loss=1.600e+04, PSNR=29.28
[seed=42] D-Flow Peak GPU memory: 2.24 GB
[seed=42] PSNR=29.28dB  SSIM=0.6892
[seed=123] max_angle_deg=90.0,num_angles=90, undersampling=0.994
[D-Flow] iter 200/600: loss=4.872e+04, PSNR=24.75
[D-Flow] iter 400/600: loss=4.867e+04, PSNR=24.75
[D-Flow] iter 600/600: loss=4.867e+04, PSNR=24.75
[seed=123] D-Flow Peak GPU memory: 2.24 GB
[seed=123] PSNR=24.75dB  SSIM=0.7280
[seed=3407] max_angle_deg=90.0,num_angles=90, undersampling=0.994
[D-Flow] iter 200/600: loss=1.815e+04, PSNR=34.01
[D-Flow] iter 400/600: loss=1.769e+04, PSNR=34.13
[D-Flow] iter 600/600: loss=1.680e+04, PSNR=29.68
[seed=3407] D-Flow Peak GPU memory: 2.24 GB
[seed=3407] PSNR=29.68dB  SSIM=0.6968
=== dflow + random ===
PSNR mean=28.72  std=3.42
SSIM mean=0.7508  std=0.0784
Summary saved to limited90new/dflow_random/summary_dflow_random.csv
