[Adjoint] iter 200/600: loss=2.957e+05, PSNR=19.07, ||z||=126.743
[Adjoint] iter 400/600: loss=4.812e+05, PSNR=17.77, ||z||=127.362
[Adjoint] iter 600/600: loss=6.254e+05, PSNR=17.29, ||z||=127.943
[seed=0] Adjoint Peak GPU memory: 0.19 GB
[seed=0] PSNR=17.29dB  SSIM=0.3963
[Adjoint] iter 200/600: loss=1.218e+06, PSNR=17.58, ||z||=128.238
[Adjoint] iter 400/600: loss=1.294e+06, PSNR=16.28, ||z||=126.938
[Adjoint] iter 600/600: loss=3.188e+05, PSNR=18.59, ||z||=128.058
[seed=1] Adjoint Peak GPU memory: 0.21 GB
[seed=1] PSNR=18.59dB  SSIM=0.3924
[Adjoint] iter 200/600: loss=8.368e+05, PSNR=16.74, ||z||=128.496
[Adjoint] iter 400/600: loss=8.602e+05, PSNR=17.88, ||z||=127.656
[Adjoint] iter 600/600: loss=8.142e+05, PSNR=17.64, ||z||=127.998
[seed=42] Adjoint Peak GPU memory: 0.23 GB
[seed=42] PSNR=17.64dB  SSIM=0.3652
[Adjoint] iter 200/600: loss=3.949e+05, PSNR=17.60, ||z||=128.575
[Adjoint] iter 400/600: loss=1.415e+05, PSNR=21.22, ||z||=128.186
[Adjoint] iter 600/600: loss=2.030e+05, PSNR=20.08, ||z||=127.577
[seed=123] Adjoint Peak GPU memory: 0.25 GB
[seed=123] PSNR=20.08dB  SSIM=0.4318
[Adjoint] iter 200/600: loss=1.779e+05, PSNR=19.57, ||z||=128.087
[Adjoint] iter 400/600: loss=2.719e+05, PSNR=19.78, ||z||=128.229
[Adjoint] iter 600/600: loss=5.617e+05, PSNR=18.07, ||z||=127.071
[seed=3407] Adjoint Peak GPU memory: 0.26 GB
[seed=3407] PSNR=18.07dB  SSIM=0.3621
=== adjoint + dflow ===
PSNR mean=18.33  std=0.97
SSIM mean=0.3896  std=0.0252
Summary saved to adjoint_solverrk4/adjoint_dflow/summary_adjoint_dflow.csv
