[D-Flow] iter 200/600: loss=1.941e+04, PSNR=30.43, ||z||=128.838
[D-Flow] iter 400/600: loss=1.761e+04, PSNR=31.71, ||z||=129.174
[D-Flow] iter 600/600: loss=1.599e+04, PSNR=29.97, ||z||=128.707
[seed=0] D-Flow Peak GPU memory: 4.22 GB
[seed=0] PSNR=33.70dB  SSIM=0.8965
[D-Flow] iter 200/600: loss=1.796e+04, PSNR=33.22, ||z||=122.425
[D-Flow] iter 400/600: loss=1.577e+04, PSNR=29.88, ||z||=126.302
[D-Flow] iter 600/600: loss=1.384e+04, PSNR=30.06, ||z||=126.919
[seed=1] D-Flow Peak GPU memory: 4.26 GB
[seed=1] PSNR=33.58dB  SSIM=0.8730
[D-Flow] iter 200/600: loss=3.850e+04, PSNR=25.16, ||z||=128.244
[D-Flow] iter 400/600: loss=3.850e+04, PSNR=25.16, ||z||=128.244
[D-Flow] iter 600/600: loss=3.850e+04, PSNR=25.16, ||z||=128.244
[seed=42] D-Flow Peak GPU memory: 4.26 GB
[seed=42] PSNR=23.90dB  SSIM=0.7022
[D-Flow] iter 200/600: loss=8.481e+04, PSNR=20.72, ||z||=129.310
[D-Flow] iter 400/600: loss=7.761e+04, PSNR=21.03, ||z||=129.072
[D-Flow] iter 600/600: loss=7.761e+04, PSNR=21.03, ||z||=129.072
[seed=123] D-Flow Peak GPU memory: 4.26 GB
[seed=123] PSNR=20.37dB  SSIM=0.4463
[D-Flow] iter 200/600: loss=2.485e+05, PSNR=19.05, ||z||=127.927
[D-Flow] iter 400/600: loss=2.484e+05, PSNR=19.02, ||z||=127.927
[D-Flow] iter 600/600: loss=2.484e+05, PSNR=19.02, ||z||=127.927
[seed=3407] D-Flow Peak GPU memory: 4.26 GB
[seed=3407] PSNR=17.83dB  SSIM=0.4081
=== dflow + random ===
PSNR mean=25.88  std=6.62
SSIM mean=0.6652  std=0.2060
Summary saved to solver_choice_rk4/dflow_random/summary_dflow_random.csv
