[D-Flow] iter 200/1000: loss=1.803e+04, PSNR=34.64, ||z||=127.516
[D-Flow] iter 400/1000: loss=1.752e+04, PSNR=34.40, ||z||=126.814
[D-Flow] iter 600/1000: loss=1.591e+04, PSNR=29.19, ||z||=123.333
[D-Flow] iter 800/1000: loss=1.274e+04, PSNR=26.20, ||z||=119.548
[D-Flow] iter 1000/1000: loss=1.190e+04, PSNR=26.02, ||z||=119.062
[seed=0] D-Flow Peak GPU memory: 2.22 GB
[seed=0] PSNR=26.02dB  SSIM=0.5332
[D-Flow] iter 200/1000: loss=1.800e+04, PSNR=34.37, ||z||=127.761
[D-Flow] iter 400/1000: loss=1.770e+04, PSNR=33.52, ||z||=128.964
[D-Flow] iter 600/1000: loss=1.562e+04, PSNR=26.44, ||z||=134.910
[D-Flow] iter 800/1000: loss=1.270e+04, PSNR=22.47, ||z||=140.106
[D-Flow] iter 1000/1000: loss=1.070e+04, PSNR=21.47, ||z||=142.068
[seed=1] D-Flow Peak GPU memory: 2.25 GB
[seed=1] PSNR=21.47dB  SSIM=0.3415
[D-Flow] iter 200/1000: loss=1.827e+04, PSNR=33.26, ||z||=126.213
[D-Flow] iter 400/1000: loss=1.760e+04, PSNR=34.36, ||z||=126.520
[D-Flow] iter 600/1000: loss=1.701e+04, PSNR=30.98, ||z||=124.614
[D-Flow] iter 800/1000: loss=1.540e+04, PSNR=28.35, ||z||=122.639
[D-Flow] iter 1000/1000: loss=1.311e+04, PSNR=27.03, ||z||=120.519
[seed=42] D-Flow Peak GPU memory: 2.24 GB
[seed=42] PSNR=27.03dB  SSIM=0.5787
[D-Flow] iter 200/1000: loss=1.985e+04, PSNR=30.91, ||z||=128.051
[D-Flow] iter 400/1000: loss=1.781e+04, PSNR=34.33, ||z||=127.334
[D-Flow] iter 600/1000: loss=1.726e+04, PSNR=34.54, ||z||=127.189
[D-Flow] iter 800/1000: loss=1.689e+04, PSNR=32.72, ||z||=126.552
[D-Flow] iter 1000/1000: loss=1.478e+04, PSNR=28.61, ||z||=122.463
[seed=123] D-Flow Peak GPU memory: 2.24 GB
[seed=123] PSNR=28.61dB  SSIM=0.6577
[D-Flow] iter 200/1000: loss=1.768e+04, PSNR=34.69, ||z||=126.925
[D-Flow] iter 400/1000: loss=1.668e+04, PSNR=29.46, ||z||=123.632
[D-Flow] iter 600/1000: loss=1.441e+04, PSNR=27.46, ||z||=120.571
[D-Flow] iter 800/1000: loss=1.208e+04, PSNR=26.19, ||z||=119.260
[D-Flow] iter 1000/1000: loss=1.110e+04, PSNR=25.84, ||z||=118.653
[seed=3407] D-Flow Peak GPU memory: 2.24 GB
[seed=3407] PSNR=25.84dB  SSIM=0.5237
=== dflow + random ===
PSNR mean=25.79  std=2.37
SSIM mean=0.5270  std=0.1041
Summary saved to 810/dflow_random/summary_dflow_random.csv
