[seed=0] num_angles=30, undersampling=0.331
[Adjoint] iter 200/600: loss=1.675e+04, PSNR=25.21
[Adjoint] iter 400/600: loss=1.849e+05, PSNR=18.78
[Adjoint] iter 600/600: loss=6.557e+03, PSNR=31.28
[seed=0] Adjoint Peak GPU memory: 0.59 GB
[seed=0] PSNR=31.28dB  SSIM=0.8869
[seed=1] num_angles=30, undersampling=0.331
[Adjoint] iter 200/600: loss=6.177e+03, PSNR=27.74
[Adjoint] iter 400/600: loss=9.409e+03, PSNR=28.15
[Adjoint] iter 600/600: loss=2.204e+04, PSNR=25.50
[seed=1] Adjoint Peak GPU memory: 0.62 GB
[seed=1] PSNR=25.50dB  SSIM=0.7996
[seed=42] num_angles=30, undersampling=0.331
[Adjoint] iter 200/600: loss=6.432e+03, PSNR=25.66
[Adjoint] iter 400/600: loss=1.240e+04, PSNR=25.63
[Adjoint] iter 600/600: loss=8.968e+03, PSNR=28.20
[seed=42] Adjoint Peak GPU memory: 0.64 GB
[seed=42] PSNR=28.20dB  SSIM=0.7659
[seed=123] num_angles=30, undersampling=0.331
[Adjoint] iter 200/600: loss=4.947e+03, PSNR=27.79
[Adjoint] iter 400/600: loss=8.024e+03, PSNR=28.40
[Adjoint] iter 600/600: loss=7.281e+04, PSNR=25.68
[seed=123] Adjoint Peak GPU memory: 0.67 GB
[seed=123] PSNR=25.68dB  SSIM=0.7824
[seed=3407] num_angles=30, undersampling=0.331
[Adjoint] iter 200/600: loss=5.350e+03, PSNR=28.31
[Adjoint] iter 400/600: loss=1.606e+05, PSNR=18.64
[Adjoint] iter 600/600: loss=8.426e+03, PSNR=29.88
[seed=3407] Adjoint Peak GPU memory: 0.70 GB
[seed=3407] PSNR=29.88dB  SSIM=0.8045
=== adjoint + dflow ===
PSNR mean=28.11  std=2.28
SSIM mean=0.8078  std=0.0418
Summary saved to sparse30/adjoint_dflow/summary_adjoint_dflow.csv
