[seed=0] num_angles=30, undersampling=0.331
[Unrolled] iter 200/600: loss=4.457e+03, PSNR=28.38
[Unrolled] iter 400/600: loss=3.833e+03, PSNR=28.33
[Unrolled] iter 600/600: loss=7.966e+03, PSNR=28.17
[seed=0] Unrolled Peak GPU memory: 2.12 GB
[seed=0] PSNR=28.17dB  SSIM=0.8044
[seed=1] num_angles=30, undersampling=0.331
[Unrolled] iter 200/600: loss=6.351e+03, PSNR=27.75
[Unrolled] iter 400/600: loss=4.394e+03, PSNR=28.19
[Unrolled] iter 600/600: loss=3.832e+03, PSNR=27.74
[seed=1] Unrolled Peak GPU memory: 2.15 GB
[seed=1] PSNR=27.74dB  SSIM=0.6077
[seed=42] num_angles=30, undersampling=0.331
[Unrolled] iter 200/600: loss=4.849e+03, PSNR=27.34
[Unrolled] iter 400/600: loss=4.188e+03, PSNR=28.04
[Unrolled] iter 600/600: loss=3.292e+03, PSNR=27.40
[seed=42] Unrolled Peak GPU memory: 2.15 GB
[seed=42] PSNR=27.40dB  SSIM=0.5871
[seed=123] num_angles=30, undersampling=0.331
[Unrolled] iter 200/600: loss=4.197e+03, PSNR=28.23
[Unrolled] iter 400/600: loss=3.728e+03, PSNR=28.14
[Unrolled] iter 600/600: loss=3.879e+03, PSNR=28.12
[seed=123] Unrolled Peak GPU memory: 2.15 GB
[seed=123] PSNR=28.12dB  SSIM=0.6358
[seed=3407] num_angles=30, undersampling=0.331
[Unrolled] iter 200/600: loss=5.058e+03, PSNR=27.12
[Unrolled] iter 400/600: loss=3.628e+03, PSNR=27.84
[Unrolled] iter 600/600: loss=3.375e+03, PSNR=27.43
[seed=3407] Unrolled Peak GPU memory: 2.15 GB
[seed=3407] PSNR=27.43dB  SSIM=0.5892
=== unrolled + dflow ===
PSNR mean=27.77  std=0.33
SSIM mean=0.6448  std=0.0817
Summary saved to sparse30/unrolled_dflow/summary_unrolled_dflow.csv
