[seed=0] num_angles=30, undersampling=0.331
[Unrolled] iter 200/600: loss=1.039e+04, PSNR=25.77
[Unrolled] iter 400/600: loss=7.026e+03, PSNR=28.09
[Unrolled] iter 600/600: loss=6.286e+03, PSNR=29.98
[seed=0] Unrolled Peak GPU memory: 2.12 GB
[seed=0] PSNR=29.98dB  SSIM=0.7164
[seed=1] num_angles=30, undersampling=0.331
[Unrolled] iter 200/600: loss=7.782e+03, PSNR=28.65
[Unrolled] iter 400/600: loss=6.486e+03, PSNR=30.39
[Unrolled] iter 600/600: loss=6.175e+03, PSNR=31.65
[seed=1] Unrolled Peak GPU memory: 2.15 GB
[seed=1] PSNR=31.65dB  SSIM=0.8037
[seed=42] num_angles=30, undersampling=0.331
[Unrolled] iter 200/600: loss=9.206e+03, PSNR=27.53
[Unrolled] iter 400/600: loss=6.738e+03, PSNR=30.97
[Unrolled] iter 600/600: loss=6.367e+03, PSNR=30.97
[seed=42] Unrolled Peak GPU memory: 2.15 GB
[seed=42] PSNR=30.97dB  SSIM=0.7921
[seed=123] num_angles=30, undersampling=0.331
[Unrolled] iter 200/600: loss=2.599e+04, PSNR=20.96
[Unrolled] iter 400/600: loss=1.389e+04, PSNR=22.05
[Unrolled] iter 600/600: loss=7.905e+03, PSNR=27.01
[seed=123] Unrolled Peak GPU memory: 2.15 GB
[seed=123] PSNR=27.01dB  SSIM=0.6325
[seed=3407] num_angles=30, undersampling=0.331
[Unrolled] iter 200/600: loss=1.336e+04, PSNR=22.98
[Unrolled] iter 400/600: loss=9.963e+03, PSNR=23.66
[Unrolled] iter 600/600: loss=6.516e+03, PSNR=30.28
[seed=3407] Unrolled Peak GPU memory: 2.15 GB
[seed=3407] PSNR=30.28dB  SSIM=0.7533
=== unrolled + random ===
PSNR mean=29.98  std=1.59
SSIM mean=0.7396  std=0.0617
Summary saved to sparse30/unrolled_random/summary_unrolled_random.csv
